build/app/outputs/mapping/release/seeds.txt
ss.ashish.covidly.MainActivity
ss.ashish.covidly.MainActivity: MainActivity()
...
io.flutter.embedding.engine.FlutterJNI: void setPlatformViewsController(io.flutter.plugin.platform.PlatformViewsController)
com.google.android.gms.internal.measurement.zzbr$zzg: com.google.android.gms.internal.measurement.zzfl zzf
io.flutter.plugin.editing.ImeSyncDeferringInsetsCallback: io.flutter.plugin.editing.ImeSyncDeferringInsetsCallback$AnimationCallback animationCallback
androidx.core.app.RemoteActionCompat: RemoteActionCompat()
io.flutter.embedding.engine.plugins.lifecycle.HiddenLifecycleReference: HiddenLifecycleReference(androidx.lifecycle.Lifecycle)
io.flutter.plugins.firebaseanalytics.FlutterFirebaseAppRegistrar: java.util.List getComponents()
com.google.android.gms.internal.measurement.zzbo$zzc: java.lang.String zzd
io.flutter.embedding.engine.FlutterJNI: void setLocalizationPlugin(io.flutter.plugin.localization.LocalizationPlugin)
io.grpc.okhttp.OkHttpChannelBuilder
com.google.android.gms.measurement.internal.AppMeasurementDynamiteService: void getCurrentScreenClass(com.google.android.gms.internal.measurement.zzn)
io.flutter.embedding.android.FlutterSplashView$SavedState: FlutterSplashView$SavedState(android.os.Parcel)
com.google.firebase.auth.FirebaseAuthRegistrar: java.util.List getComponents()
io.flutter.plugins.camera.types.ExposureMode: io.flutter.plugins.camera.types.ExposureMode[] values()
io.flutter.embedding.engine.plugins.lifecycle.HiddenLifecycleReference
com.google.firebase.auth.EmailAuthCredential: android.os.Parcelable$Creator CREATOR
io.flutter.plugins.urllauncher.WebViewActivity
com.google.android.gms.measurement.AppMeasurement: int getMaxUserProperties(java.lang.String)
com.google.android.gms.internal.measurement.zzbo$zzb
com.google.android.gms.internal.measurement.zzbj$zzd: com.google.android.gms.internal.measurement.zzgx zzj
io.grpc.util.RoundRobinLoadBalancer$ReadyPicker: int index
com.google.android.gms.internal.firebase_auth.zzfy: android.os.Parcelable$Creator CREATOR
com.google.android.gms.measurement.AppMeasurementReceiver
io.flutter.embedding.android.FlutterImageView$SurfaceKind: io.flutter.embedding.android.FlutterImageView$SurfaceKind[] values()
com.google.android.gms.internal.firebase_auth.zzfr: android.os.Parcelable$Creator CREATOR
io.flutter.embedding.engine.FlutterJNI: void onPreEngineRestart()
com.google.android.gms.measurement.internal.AppMeasurementDynamiteService: AppMeasurementDynamiteService()
io.flutter.embedding.engine.FlutterJNI: void dispatchPointerDataPacket(java.nio.ByteBuffer,int)
com.google.android.gms.internal.firebase_auth.zzcz: android.os.Parcelable$Creator CREATOR
io.flutter.embedding.engine.FlutterJNI: void deferredComponentInstallFailure(int,java.lang.String,boolean)
io.flutter.embedding.engine.FlutterJNI: void nativeDestroy(long)
com.google.android.gms.measurement.internal.zzam: android.os.Parcelable$Creator CREATOR
com.google.android.gms.internal.measurement.zzbo$zzb: com.google.android.gms.internal.measurement.zzfl zzg
io.flutter.view.AccessibilityBridge$TextDirection: io.flutter.view.AccessibilityBridge$TextDirection[] values()
io.flutter.plugin.editing.ImeSyncDeferringInsetsCallback: ImeSyncDeferringInsetsCallback(android.view.View,int,int)
androidx.lifecycle.Lifecycle$State: androidx.lifecycle.Lifecycle$State[] values()
com.google.android.gms.internal.measurement.zzim: com.google.android.gms.internal.measurement.zzim[] values()
com.google.android.gms.internal.measurement.zzbr$zzb: com.google.android.gms.internal.measurement.zzbr$zzb zzf
androidx.activity.ComponentActivity$2
io.flutter.embedding.engine.FlutterJNI: io.flutter.embedding.engine.deferredcomponents.DeferredComponentManager deferredComponentManager
io.flutter.view.AccessibilityViewEmbedder: void addChildrenToFlutterNode(android.view.accessibility.AccessibilityNodeInfo,android.view.View,android.view.accessibility.AccessibilityNodeInfo)
com.google.android.gms.internal.firebase_auth.zzdl: android.os.Parcelable$Creator CREATOR