build/app/outputs/mapping/release/usage.txt
ss.ashish.covidly.R$layout
ss.ashish.covidly.R$string
ss.ashish.covidly.R$style
ss.ashish.covidly.R$dimen
ss.ashish.covidly.BuildConfig
ss.ashish.covidly.R$attr
ss.ashish.covidly.R$integer
ss.ashish.covidly.R$styleable
ss.ashish.covidly.R$id
ss.ashish.covidly.R$drawable
ss.ashish.covidly.R$color
ss.ashish.covidly.R$mipmap
ss.ashish.covidly.R
...
com.google.common.collect.RegularImmutableTable
com.google.android.gms.internal.firebase_auth.zzev
com.google.android.gms.common.internal.Preconditions:
    public static int checkNotZero(int,java.lang.Object)
    public static long checkNotZero(long,java.lang.Object)
    public static long checkNotZero(long)
    public static varargs void checkState(boolean,java.lang.String,java.lang.Object[])
    private void <init>()
com.google.android.gms.common.api.CommonStatusCodes:
    protected void <init>()
    public static final int SUCCESS_CACHE
    public static final int SUCCESS
    public static final int SERVICE_VERSION_UPDATE_REQUIRED
    public static final int SERVICE_DISABLED
    public static final int SIGN_IN_REQUIRED
    public static final int INVALID_ACCOUNT
    public static final int RESOLUTION_REQUIRED
    public static final int NETWORK_ERROR
    public static final int INTERNAL_ERROR
    public static final int DEVELOPER_ERROR
    public static final int ERROR
    public static final int INTERRUPTED
    public static final int TIMEOUT
    public static final int CANCELED
    public static final int API_NOT_CONNECTED
com.google.firestore.v1.DocumentRemoveOrBuilder
com.google.cloud.audit.AuthorizationInfo$1
com.google.protobuf.AbstractMessageLite$Builder:
    private java.lang.String getReadingExceptionMessage(java.lang.String)
    public abstract com.google.protobuf.AbstractMessageLite$Builder clone()
    public com.google.protobuf.AbstractMessageLite$Builder mergeFrom(com.google.protobuf.CodedInputStream)
    public abstract com.google.protobuf.AbstractMessageLite$Builder mergeFrom(com.google.protobuf.CodedInputStream,com.google.protobuf.ExtensionRegistryLite)
    public com.google.protobuf.AbstractMessageLite$Builder mergeFrom(com.google.protobuf.ByteString)
    public com.google.protobuf.AbstractMessageLite$Builder mergeFrom(com.google.protobuf.ByteString,com.google.protobuf.ExtensionRegistryLite)
    public com.google.protobuf.AbstractMessageLite$Builder mergeFrom(byte[])
    public com.google.protobuf.AbstractMessageLite$Builder mergeFrom(byte[],int,int)
    public com.google.protobuf.AbstractMessageLite$Builder mergeFrom(byte[],com.google.protobuf.ExtensionRegistryLite)
    public com.google.protobuf.AbstractMessageLite$Builder mergeFrom(byte[],int,int,com.google.protobuf.ExtensionRegistryLite)
    public com.google.protobuf.AbstractMessageLite$Builder mergeFrom(java.io.InputStream)
    public com.google.protobuf.AbstractMessageLite$Builder mergeFrom(java.io.InputStream,com.google.protobuf.ExtensionRegistryLite)
    public boolean mergeDelimitedFrom(java.io.InputStream,com.google.protobuf.ExtensionRegistryLite)
    public boolean mergeDelimitedFrom(java.io.InputStream)
io.grpc.okhttp.internal.Platform:
    public java.lang.String getPrefix()
    public void logW(java.lang.String)
    public void tagSocket(java.net.Socket)
    public void untagSocket(java.net.Socket)
    public void connectSocket(java.net.Socket,java.net.InetSocketAddress,int)
com.google.common.collect.ImmutableMap$MapViewOfValuesAsSingletonSets$1
com.google.android.gms.internal.measurement.zzr
kotlin.sequences.SequencesKt__SequencesJVMKt
androidx.customview.widget.FocusStrategy
com.google.common.hash.SipHashFunction
com.google.firebase.firestore.core.EventManager:
    public void addSnapshotsInSyncListener(com.google.firebase.firestore.EventListener)
    public void removeSnapshotsInSyncListener(com.google.firebase.firestore.EventListener)
io.opencensus.stats.ViewData$6
androidx.core.provider.FontsContractCompat$FontFamilyResult
kotlin.Deprecated
com.google.firebase.database.collection.R
io.github.ponnamkarthik.toast.fluttertoast.BuildConfig
io.flutter.plugin.platform.PlatformViewFactory:
    public void <init>(io.flutter.plugin.common.MessageCodec)
androidx.core.R$style
com.squareup.okhttp.internal.io.FileSystem$1
com.google.common.base.Functions$PredicateFunction
com.google.common.collect.MapMakerInternalMap$WeakKeyStrongValueEntry$Helper